<?xml version="1.0" encoding="UTF-8"?>
<!-- Generated by org.testng.reporters.JUnitXMLReporter -->
<testsuite ignored="0" hostname="LAPTOP-088GH95J" failures="1" tests="2" name="Test" time="13.388" errors="0" timestamp="2022-08-01T12:53:41 EDT">
  <testcase classname="projectex.logintestcase1" name="myPortal" time="1.475"/>
  <testcase classname="projectex.logintestcase1" name="failtest" time="0.005">
    <failure type="java.lang.AssertionError" message="null">
      <![CDATA[java.lang.AssertionError: null
at projectex.logintestcase1.failtest(logintestcase1.java:46)
at java.base/java.util.ArrayList.forEach(ArrayList.java:1541)
... Removed 29 stack frames]]>
    </failure>
  </testcase> <!-- failtest -->
</testsuite> <!-- Test -->
