<?xml version="1.0" encoding="UTF-8"?>
<testng-results ignored="0" total="1" passed="1" failed="0" skipped="0">
  <reporter-output>
  </reporter-output>
  <suite started-at="2022-08-01T14:54:43 EDT" name="Suite" finished-at="2022-08-01T14:54:58 EDT" duration-ms="14475">
    <groups>
    </groups>
    <test started-at="2022-08-01T14:54:43 EDT" name="Test" finished-at="2022-08-01T14:54:58 EDT" duration-ms="14475">
      <class name="projectex.logintestcase1">
        <test-method is-config="true" signature="setUp()[pri:0, instance:projectex.logintestcase1@1b11171f]" started-at="2022-08-01T14:54:44 EDT" name="setUp" finished-at="2022-08-01T14:54:52 EDT" duration-ms="8605" status="PASS">
          <reporter-output>
          </reporter-output>
        </test-method> <!-- setUp -->
        <test-method signature="myPortal()[pri:1, instance:projectex.logintestcase1@1b11171f]" started-at="2022-08-01T14:54:52 EDT" name="myPortal" finished-at="2022-08-01T14:54:54 EDT" duration-ms="1648" status="PASS">
          <reporter-output>
          </reporter-output>
        </test-method> <!-- myPortal -->
        <test-method is-config="true" signature="tearDown()[pri:0, instance:projectex.logintestcase1@1b11171f]" started-at="2022-08-01T14:54:54 EDT" name="tearDown" finished-at="2022-08-01T14:54:58 EDT" duration-ms="4188" status="PASS">
          <reporter-output>
          </reporter-output>
        </test-method> <!-- tearDown -->
      </class> <!-- projectex.logintestcase1 -->
    </test> <!-- Test -->
  </suite> <!-- Suite -->
</testng-results>
